<?xml version="1.0" encoding="UTF-8"?>
<testng-results skipped="0" failed="0" total="1" passed="1">
  <reporter-output>
  </reporter-output>
  <suite name="Default suite" duration-ms="16307" started-at="2019-02-21T22:26:10Z" finished-at="2019-02-21T22:26:26Z">
    <groups>
    </groups>
    <test name="Default test" duration-ms="16307" started-at="2019-02-21T22:26:10Z" finished-at="2019-02-21T22:26:26Z">
      <class name="kdf.NewToursHybridFramework">
        <test-method status="PASS" signature="testApp()[pri:0, instance:kdf.NewToursHybridFramework@3a452267]" name="testApp" duration-ms="16283" started-at="2019-02-21T14:26:10Z" finished-at="2019-02-21T14:26:26Z">
          <reporter-output>
          </reporter-output>
        </test-method> <!-- testApp -->
      </class> <!-- kdf.NewToursHybridFramework -->
    </test> <!-- Default test -->
  </suite> <!-- Default suite -->
</testng-results>
