<?xml version="1.0" encoding="UTF-8"?>
<testng-results skipped="0" failed="0" total="1" passed="1">
  <reporter-output>
  </reporter-output>
  <suite name="Default suite" duration-ms="22925" started-at="2019-03-06T18:15:15Z" finished-at="2019-03-06T18:15:38Z">
    <groups>
    </groups>
    <test name="Default test" duration-ms="22925" started-at="2019-03-06T18:15:15Z" finished-at="2019-03-06T18:15:38Z">
      <class name="kdf.NewToursHybridFramework">
        <test-method status="PASS" signature="testApp()[pri:0, instance:kdf.NewToursHybridFramework@252119]" name="testApp" duration-ms="22896" started-at="2019-03-06T10:15:15Z" finished-at="2019-03-06T10:15:38Z">
          <reporter-output>
          </reporter-output>
        </test-method> <!-- testApp -->
      </class> <!-- kdf.NewToursHybridFramework -->
    </test> <!-- Default test -->
  </suite> <!-- Default suite -->
</testng-results>
